#
# There is insufficient memory for the Java Runtime Environment to continue.
# Native memory allocation (malloc) failed to allocate 446576 bytes for Chunk::new
# Possible reasons:
#   The system is out of physical RAM or swap space
#   The process is running with CompressedOops enabled, and the Java Heap may be blocking the growth of the native heap
# Possible solutions:
#   Reduce memory load on the system
#   Increase physical memory or swap space
#   Check if swap backing store is full
#   Decrease Java heap size (-Xmx/-Xms)
#   Decrease number of Java threads
#   Decrease Java thread stack sizes (-Xss)
#   Set larger code cache with -XX:ReservedCodeCacheSize=
#   JVM is running with Unscaled Compressed Oops mode in which the Java heap is
#     placed in the first 4GB address space. The Java Heap base address is the
#     maximum limit for the native heap growth. Please use -XX:HeapBaseMinAddress
#     to set the Java Heap base and to place the Java Heap above 4GB virtual address.
# This output file may be truncated or incomplete.
#
#  Out of Memory Error (./src/hotspot/share/memory/arena.cpp:197), pid=10340, tid=12084
#
# JRE version: OpenJDK Runtime Environment (11.0.10) (build 11.0.10+0-b96-7249189)
# Java VM: OpenJDK 64-Bit Server VM (11.0.10+0-b96-7249189, mixed mode, tiered, compressed oops, g1 gc, windows-amd64)
# No core dump will be written. Minidumps are not enabled by default on client versions of Windows
#

---------------  S U M M A R Y ------------

Command Line: --add-opens=java.base/java.util=ALL-UNNAMED --add-opens=java.base/java.lang=ALL-UNNAMED --add-opens=java.base/java.lang.invoke=ALL-UNNAMED --add-opens=java.base/java.util=ALL-UNNAMED --add-opens=java.prefs/java.util.prefs=ALL-UNNAMED --add-opens=java.prefs/java.util.prefs=ALL-UNNAMED --add-opens=java.base/java.nio.charset=ALL-UNNAMED --add-opens=java.base/java.net=ALL-UNNAMED --add-opens=java.base/java.util.concurrent.atomic=ALL-UNNAMED -Xmx2048m -Dfile.encoding=UTF-8 -Duser.country=BR -Duser.language=pt -Duser.variant org.gradle.launcher.daemon.bootstrap.GradleDaemon 7.0.2

Host: Intel(R) Core(TM) i5-6200U CPU @ 2.30GHz, 4 cores, 7G,  Windows 10 , 64 bit Build 19041 (10.0.19041.1348)
Time: Mon Nov 22 12:57:24 2021 Hora oficial do Brasil elapsed time: 19.893965 seconds (0d 0h 0m 19s)

---------------  T H R E A D  ---------------

Current thread (0x000001dcffa19800):  JavaThread "C2 CompilerThread0" daemon [_thread_in_native, id=12084, stack(0x000000d6c3e00000,0x000000d6c3f00000)]


Current CompileTask:
C2:  19894 5490       4       sun.net.www.protocol.jar.Handler::parseURL (212 bytes)

Stack: [0x000000d6c3e00000,0x000000d6c3f00000]
Native frames: (J=compiled Java code, j=interpreted, Vv=VM code, C=native code)
V  [jvm.dll+0x5ecfaa]
V  [jvm.dll+0x722bd5]
V  [jvm.dll+0x72412d]
V  [jvm.dll+0x7247e3]
V  [jvm.dll+0x242928]
V  [jvm.dll+0xbc4fc]
V  [jvm.dll+0xbca0c]
V  [jvm.dll+0x352d7d]
V  [jvm.dll+0x197e0c]
V  [jvm.dll+0x1fb70e]
V  [jvm.dll+0x1fa7f4]
V  [jvm.dll+0x18354c]
V  [jvm.dll+0x208ee7]
V  [jvm.dll+0x207731]
V  [jvm.dll+0x6eb1cf]
V  [jvm.dll+0x6e3d45]
V  [jvm.dll+0x5ebe96]
C  [ucrtbase.dll+0x21bb2]
C  [KERNEL32.DLL+0x17034]
C  [ntdll.dll+0x52651]


---------------  P R O C E S S  ---------------

Threads class SMR info:
_java_thread_list=0x000001dc9b0d3870, length=41, elements={
0x000001dcfae0d000, 0x000001dcff9f2800, 0x000001dcff9f4000, 0x000001dcffb92800,
0x000001dcffa0b800, 0x000001dcffa0d800, 0x000001dcffa19800, 0x000001dcffa23800,
0x000001dcffa29000, 0x000001dcffcdd000, 0x000001dc96ece000, 0x000001dc9839e000,
0x000001dc963a2800, 0x000001dc96c1d800, 0x000001dc96c1e000, 0x000001dc97e6f000,
0x000001dc96e54800, 0x000001dc96082800, 0x000001dc97a57800, 0x000001dc98c5c000,
0x000001dc98c5d800, 0x000001dc98c59800, 0x000001dc98c5d000, 0x000001dc98c5a800,
0x000001dc98c5b000, 0x000001dc98c58000, 0x000001dc98c5e800, 0x000001dc98c59000,
0x000001dc9b7de800, 0x000001dc9b7dc800, 0x000001dc9b7e0000, 0x000001dc9b7da000,
0x000001dc9b7db000, 0x000001dc9b7e0800, 0x000001dc9b7dd800, 0x000001dc9b7dc000,
0x000001dc9b7e7000, 0x000001dc9b7e5800, 0x000001dc9b7e6800, 0x000001dc9b7e8000,
0x000001dc9b7e4000
}

Java Threads: ( => current thread )
  0x000001dcfae0d000 JavaThread "main" [_thread_blocked, id=5504, stack(0x000000d6c3200000,0x000000d6c3300000)]
  0x000001dcff9f2800 JavaThread "Reference Handler" daemon [_thread_blocked, id=2000, stack(0x000000d6c3900000,0x000000d6c3a00000)]
  0x000001dcff9f4000 JavaThread "Finalizer" daemon [_thread_blocked, id=9088, stack(0x000000d6c3a00000,0x000000d6c3b00000)]
  0x000001dcffb92800 JavaThread "Signal Dispatcher" daemon [_thread_blocked, id=6828, stack(0x000000d6c3b00000,0x000000d6c3c00000)]
  0x000001dcffa0b800 JavaThread "Attach Listener" daemon [_thread_blocked, id=11568, stack(0x000000d6c3c00000,0x000000d6c3d00000)]
  0x000001dcffa0d800 JavaThread "Service Thread" daemon [_thread_blocked, id=11756, stack(0x000000d6c3d00000,0x000000d6c3e00000)]
=>0x000001dcffa19800 JavaThread "C2 CompilerThread0" daemon [_thread_in_native, id=12084, stack(0x000000d6c3e00000,0x000000d6c3f00000)]
  0x000001dcffa23800 JavaThread "C1 CompilerThread0" daemon [_thread_blocked, id=9328, stack(0x000000d6c3f00000,0x000000d6c4000000)]
  0x000001dcffa29000 JavaThread "Sweeper thread" daemon [_thread_blocked, id=12152, stack(0x000000d6c4000000,0x000000d6c4100000)]
  0x000001dcffcdd000 JavaThread "Common-Cleaner" daemon [_thread_blocked, id=8376, stack(0x000000d6c4100000,0x000000d6c4200000)]
  0x000001dc96ece000 JavaThread "Daemon health stats" [_thread_blocked, id=2736, stack(0x000000d6c4600000,0x000000d6c4700000)]
  0x000001dc9839e000 JavaThread "Incoming local TCP Connector on port 60648" [_thread_in_native, id=5404, stack(0x000000d6c4500000,0x000000d6c4600000)]
  0x000001dc963a2800 JavaThread "Daemon periodic checks" [_thread_blocked, id=10056, stack(0x000000d6c4700000,0x000000d6c4800000)]
  0x000001dc96c1d800 JavaThread "Daemon" [_thread_blocked, id=7932, stack(0x000000d6c4800000,0x000000d6c4900000)]
  0x000001dc96c1e000 JavaThread "Handler for socket connection from /127.0.0.1:60648 to /127.0.0.1:60649" [_thread_in_native, id=2548, stack(0x000000d6c4900000,0x000000d6c4a00000)]
  0x000001dc97e6f000 JavaThread "Cancel handler" [_thread_blocked, id=11640, stack(0x000000d6c4a00000,0x000000d6c4b00000)]
  0x000001dc96e54800 JavaThread "Daemon worker" [_thread_in_native, id=7244, stack(0x000000d6c4b00000,0x000000d6c4c00000)]
  0x000001dc96082800 JavaThread "Asynchronous log dispatcher for DefaultDaemonConnection: socket connection from /127.0.0.1:60648 to /127.0.0.1:60649" [_thread_blocked, id=3140, stack(0x000000d6c4c00000,0x000000d6c4d00000)]
  0x000001dc97a57800 JavaThread "Stdin handler" [_thread_blocked, id=8016, stack(0x000000d6c4d00000,0x000000d6c4e00000)]
  0x000001dc98c5c000 JavaThread "Daemon client event forwarder" [_thread_blocked, id=5516, stack(0x000000d6c4e00000,0x000000d6c4f00000)]
  0x000001dc98c5d800 JavaThread "Cache worker for file hash cache (C:\Users\usuario\.gradle\caches\7.0.2\fileHashes)" [_thread_blocked, id=7224, stack(0x000000d6c4f00000,0x000000d6c5000000)]
  0x000001dc98c59800 JavaThread "File lock request listener" [_thread_in_native, id=8348, stack(0x000000d6c5000000,0x000000d6c5100000)]
  0x000001dc98c5d000 JavaThread "Cache worker for journal cache (C:\Users\usuario\.gradle\caches\journal-1)" [_thread_blocked, id=8420, stack(0x000000d6c5200000,0x000000d6c5300000)]
  0x000001dc98c5a800 JavaThread "Cache worker for file hash cache (C:\Users\usuario\AndroidStudioProjects\android-basics-kotlin-unscramble-app-starter\.gradle\7.0.2\fileHashes)" [_thread_blocked, id=12272, stack(0x000000d6c5400000,0x000000d6c5500000)]
  0x000001dc98c5b000 JavaThread "File watcher server" daemon [_thread_in_native, id=11584, stack(0x000000d6c5500000,0x000000d6c5600000)]
  0x000001dc98c58000 JavaThread "File watcher consumer" daemon [_thread_blocked, id=11124, stack(0x000000d6c5600000,0x000000d6c5700000)]
  0x000001dc98c5e800 JavaThread "Cache worker for checksums cache (C:\Users\usuario\AndroidStudioProjects\android-basics-kotlin-unscramble-app-starter\.gradle\checksums)" [_thread_blocked, id=3348, stack(0x000000d6c5700000,0x000000d6c5800000)]
  0x000001dc98c59000 JavaThread "Cache worker for cache directory md-supplier (C:\Users\usuario\.gradle\caches\7.0.2\md-supplier)" [_thread_blocked, id=11796, stack(0x000000d6c5800000,0x000000d6c5900000)]
  0x000001dc9b7de800 JavaThread "Cache worker for cache directory md-rule (C:\Users\usuario\.gradle\caches\7.0.2\md-rule)" [_thread_blocked, id=8556, stack(0x000000d6c5900000,0x000000d6c5a00000)]
  0x000001dc9b7dc800 JavaThread "Cache worker for execution history cache (C:\Users\usuario\.gradle\caches\7.0.2\executionHistory)" [_thread_blocked, id=10680, stack(0x000000d6c5a00000,0x000000d6c5b00000)]
  0x000001dc9b7e0000 JavaThread "jar transforms" [_thread_blocked, id=10168, stack(0x000000d6c5b00000,0x000000d6c5c00000)]
  0x000001dc9b7da000 JavaThread "jar transforms Thread 2" [_thread_blocked, id=5456, stack(0x000000d6c5c00000,0x000000d6c5d00000)]
  0x000001dc9b7db000 JavaThread "Cache worker for file content cache (C:\Users\usuario\.gradle\caches\7.0.2\fileContent)" [_thread_blocked, id=2576, stack(0x000000d6c5d00000,0x000000d6c5e00000)]
  0x000001dc9b7e0800 JavaThread "Cache worker for dependencies-accessors (C:\Users\usuario\AndroidStudioProjects\android-basics-kotlin-unscramble-app-starter\.gradle\7.0.2\dependencies-accessors)" [_thread_blocked, id=9120, stack(0x000000d6c5e00000,0x000000d6c5f00000)]
  0x000001dc9b7dd800 JavaThread "jar transforms Thread 3" [_thread_blocked, id=9312, stack(0x000000d6c5300000,0x000000d6c5400000)]
  0x000001dc9b7dc000 JavaThread "Cache worker for Build Output Cleanup Cache (C:\Users\usuario\AndroidStudioProjects\android-basics-kotlin-unscramble-app-starter\.gradle\buildOutputCleanup)" [_thread_blocked, id=10040, stack(0x000000d6c5f00000,0x000000d6c6000000)]
  0x000001dc9b7e7000 JavaThread "Build operations" [_thread_blocked, id=12128, stack(0x000000d6c6000000,0x000000d6c6100000)]
  0x000001dc9b7e5800 JavaThread "Build operations Thread 2" [_thread_blocked, id=1960, stack(0x000000d6c6100000,0x000000d6c6200000)]
  0x000001dc9b7e6800 JavaThread "Build operations Thread 3" [_thread_blocked, id=10520, stack(0x000000d6c6200000,0x000000d6c6300000)]
  0x000001dc9b7e8000 JavaThread "Build operations Thread 4" [_thread_blocked, id=12188, stack(0x000000d6c6300000,0x000000d6c6400000)]
  0x000001dc9b7e4000 JavaThread "jar transforms Thread 4" [_thread_blocked, id=7708, stack(0x000000d6c6400000,0x000000d6c6500000)]

Other Threads:
  0x000001dcff9ec000 VMThread "VM Thread" [stack: 0x000000d6c3800000,0x000000d6c3900000] [id=11736]
  0x000001dcffd0a000 WatcherThread [stack: 0x000000d6c4200000,0x000000d6c4300000] [id=5708]
  0x000001dcfae26000 GCTaskThread "GC Thread#0" [stack: 0x000000d6c3300000,0x000000d6c3400000] [id=11608]
  0x000001dc95fac000 GCTaskThread "GC Thread#1" [stack: 0x000000d6c4300000,0x000000d6c4400000] [id=2556]
  0x000001dc95b60800 GCTaskThread "GC Thread#2" [stack: 0x000000d6c4400000,0x000000d6c4500000] [id=6928]
  0x000001dc96efa800 GCTaskThread "GC Thread#3" [stack: 0x000000d6c5100000,0x000000d6c5200000] [id=11752]
  0x000001dcfae56000 ConcurrentGCThread "G1 Main Marker" [stack: 0x000000d6c3400000,0x000000d6c3500000] [id=12124]
  0x000001dcfae57800 ConcurrentGCThread "G1 Conc#0" [stack: 0x000000d6c3500000,0x000000d6c3600000] [id=10716]
  0x000001dcfaeea800 ConcurrentGCThread "G1 Refine#0" [stack: 0x000000d6c3600000,0x000000d6c3700000] [id=11604]
  0x000001dcfaeeb800 ConcurrentGCThread "G1 Young RemSet Sampling" [stack: 0x000000d6c3700000,0x000000d6c3800000] [id=12040]

Threads with active compile tasks:
C2 CompilerThread0  24079 5490       4       sun.net.www.protocol.jar.Handler::parseURL (212 bytes)

VM state:not at safepoint (normal execution)

VM Mutex/Monitor currently owned by a thread: None

Heap address: 0x0000000080000000, size: 2048 MB, Compressed Oops mode: 32-bit
Narrow klass base: 0x0000000000000000, Narrow klass shift: 3
Compressed class space size: 1073741824 Address: 0x0000000100000000

Heap:
 garbage-first heap   total 157696K, used 65663K [0x0000000080000000, 0x0000000100000000)
  region size 1024K, 31 young (31744K), 10 survivors (10240K)
 Metaspace       used 49412K, capacity 50771K, committed 51024K, reserved 1095680K
  class space    used 6283K, capacity 6762K, committed 6784K, reserved 1048576K
Heap Regions: E=young(eden), S=young(survivor), O=old, HS=humongous(starts), HC=humongous(continues), CS=collection set, F=free, A=archive, TAMS=top-at-mark-start (previous, next)
|   0|0x0000000080000000, 0x0000000080100000, 0x0000000080100000|100%| O|  |TAMS 0x0000000080100000, 0x0000000080000000| Untracked 
|   1|0x0000000080100000, 0x0000000080200000, 0x0000000080200000|100%| O|  |TAMS 0x0000000080200000, 0x0000000080100000| Untracked 
|   2|0x0000000080200000, 0x0000000080300000, 0x0000000080300000|100%| O|  |TAMS 0x0000000080300000, 0x0000000080200000| Untracked 
|   3|0x0000000080300000, 0x0000000080400000, 0x0000000080400000|100%|HS|  |TAMS 0x0000000080400000, 0x0000000080300000| Complete 
|   4|0x0000000080400000, 0x0000000080500000, 0x0000000080500000|100%|HC|  |TAMS 0x0000000080500000, 0x0000000080400000| Complete 
|   5|0x0000000080500000, 0x0000000080600000, 0x0000000080600000|100%|HC|  |TAMS 0x0000000080600000, 0x0000000080500000| Complete 
|   6|0x0000000080600000, 0x0000000080700000, 0x0000000080700000|100%| O|  |TAMS 0x0000000080700000, 0x0000000080600000| Untracked 
|   7|0x0000000080700000, 0x0000000080800000, 0x0000000080800000|100%| O|  |TAMS 0x0000000080800000, 0x0000000080700000| Untracked 
|   8|0x0000000080800000, 0x0000000080900000, 0x0000000080900000|100%| O|  |TAMS 0x0000000080900000, 0x0000000080800000| Untracked 
|   9|0x0000000080900000, 0x0000000080a00000, 0x0000000080a00000|100%| O|  |TAMS 0x0000000080a00000, 0x0000000080900000| Untracked 
|  10|0x0000000080a00000, 0x0000000080b00000, 0x0000000080b00000|100%| O|  |TAMS 0x0000000080b00000, 0x0000000080a00000| Untracked 
|  11|0x0000000080b00000, 0x0000000080c00000, 0x0000000080c00000|100%| O|  |TAMS 0x0000000080c00000, 0x0000000080b00000| Untracked 
|  12|0x0000000080c00000, 0x0000000080d00000, 0x0000000080d00000|100%| O|  |TAMS 0x0000000080d00000, 0x0000000080c00000| Untracked 
|  13|0x0000000080d00000, 0x0000000080e00000, 0x0000000080e00000|100%| O|  |TAMS 0x0000000080e00000, 0x0000000080d00000| Untracked 
|  14|0x0000000080e00000, 0x0000000080f00000, 0x0000000080f00000|100%| O|  |TAMS 0x0000000080f00000, 0x0000000080e00000| Untracked 
|  15|0x0000000080f00000, 0x0000000081000000, 0x0000000081000000|100%| O|  |TAMS 0x0000000081000000, 0x0000000080f00000| Untracked 
|  16|0x0000000081000000, 0x0000000081100000, 0x0000000081100000|100%| O|  |TAMS 0x0000000081100000, 0x0000000081000000| Untracked 
|  17|0x0000000081100000, 0x0000000081200000, 0x0000000081200000|100%| O|  |TAMS 0x0000000081200000, 0x0000000081100000| Untracked 
|  18|0x0000000081200000, 0x0000000081300000, 0x0000000081300000|100%| O|  |TAMS 0x000000008125c200, 0x0000000081200000| Untracked 
|  19|0x0000000081300000, 0x0000000081400000, 0x0000000081400000|100%|HS|  |TAMS 0x0000000081300000, 0x0000000081300000| Complete 
|  20|0x0000000081400000, 0x0000000081500000, 0x0000000081500000|100%| O|  |TAMS 0x0000000081400000, 0x0000000081400000| Untracked 
|  21|0x0000000081500000, 0x0000000081600000, 0x0000000081600000|100%| O|  |TAMS 0x0000000081500000, 0x0000000081500000| Untracked 
|  22|0x0000000081600000, 0x0000000081700000, 0x0000000081700000|100%| O|  |TAMS 0x0000000081600000, 0x0000000081600000| Untracked 
|  23|0x0000000081700000, 0x0000000081800000, 0x0000000081800000|100%|HS|  |TAMS 0x0000000081700000, 0x0000000081700000| Complete 
|  24|0x0000000081800000, 0x0000000081900000, 0x0000000081900000|100%|HS|  |TAMS 0x0000000081800000, 0x0000000081800000| Complete 
|  25|0x0000000081900000, 0x0000000081a00000, 0x0000000081a00000|100%|HS|  |TAMS 0x0000000081900000, 0x0000000081900000| Complete 
|  26|0x0000000081a00000, 0x0000000081b00000, 0x0000000081b00000|100%|HC|  |TAMS 0x0000000081a00000, 0x0000000081a00000| Complete 
|  27|0x0000000081b00000, 0x0000000081c00000, 0x0000000081c00000|100%|HC|  |TAMS 0x0000000081b00000, 0x0000000081b00000| Complete 
|  28|0x0000000081c00000, 0x0000000081d00000, 0x0000000081d00000|100%| O|  |TAMS 0x0000000081c00000, 0x0000000081c00000| Untracked 
|  29|0x0000000081d00000, 0x0000000081e00000, 0x0000000081e00000|100%| O|  |TAMS 0x0000000081d00000, 0x0000000081d00000| Untracked 
|  30|0x0000000081e00000, 0x0000000081f00000, 0x0000000081f00000|100%| O|  |TAMS 0x0000000081e00000, 0x0000000081e00000| Untracked 
|  31|0x0000000081f00000, 0x0000000082000000, 0x0000000082000000|100%| O|  |TAMS 0x0000000081f00000, 0x0000000081f00000| Untracked 
|  32|0x0000000082000000, 0x000000008201fe00, 0x0000000082100000| 12%| O|  |TAMS 0x0000000082000000, 0x0000000082000000| Untracked 
|  33|0x0000000082100000, 0x0000000082200000, 0x0000000082200000|100%|HS|  |TAMS 0x0000000082100000, 0x0000000082100000| Complete 
|  34|0x0000000082200000, 0x0000000082300000, 0x0000000082300000|100%|HC|  |TAMS 0x0000000082200000, 0x0000000082200000| Complete 
|  35|0x0000000082300000, 0x0000000082300000, 0x0000000082400000|  0%| F|  |TAMS 0x0000000082300000, 0x0000000082300000| Untracked 
|  36|0x0000000082400000, 0x0000000082400000, 0x0000000082500000|  0%| F|  |TAMS 0x0000000082400000, 0x0000000082400000| Untracked 
|  37|0x0000000082500000, 0x0000000082500000, 0x0000000082600000|  0%| F|  |TAMS 0x0000000082500000, 0x0000000082500000| Untracked 
|  38|0x0000000082600000, 0x0000000082600000, 0x0000000082700000|  0%| F|  |TAMS 0x0000000082600000, 0x0000000082600000| Untracked 
|  39|0x0000000082700000, 0x0000000082700000, 0x0000000082800000|  0%| F|  |TAMS 0x0000000082700000, 0x0000000082700000| Untracked 
|  40|0x0000000082800000, 0x0000000082800000, 0x0000000082900000|  0%| F|  |TAMS 0x0000000082800000, 0x0000000082800000| Untracked 
|  41|0x0000000082900000, 0x0000000082900000, 0x0000000082a00000|  0%| F|  |TAMS 0x0000000082900000, 0x0000000082900000| Untracked 
|  42|0x0000000082a00000, 0x0000000082a00000, 0x0000000082b00000|  0%| F|  |TAMS 0x0000000082a00000, 0x0000000082a00000| Untracked 
|  43|0x0000000082b00000, 0x0000000082b00000, 0x0000000082c00000|  0%| F|  |TAMS 0x0000000082b00000, 0x0000000082b00000| Untracked 
|  44|0x0000000082c00000, 0x0000000082c00000, 0x0000000082d00000|  0%| F|  |TAMS 0x0000000082c00000, 0x0000000082c00000| Untracked 
|  45|0x0000000082d00000, 0x0000000082d00000, 0x0000000082e00000|  0%| F|  |TAMS 0x0000000082d00000, 0x0000000082d00000| Untracked 
|  46|0x0000000082e00000, 0x0000000082e00000, 0x0000000082f00000|  0%| F|  |TAMS 0x0000000082e00000, 0x0000000082e00000| Untracked 
|  47|0x0000000082f00000, 0x0000000082f00000, 0x0000000083000000|  0%| F|  |TAMS 0x0000000082f00000, 0x0000000082f00000| Untracked 
|  48|0x0000000083000000, 0x0000000083000000, 0x0000000083100000|  0%| F|  |TAMS 0x0000000083000000, 0x0000000083000000| Untracked 
|  49|0x0000000083100000, 0x0000000083100000, 0x0000000083200000|  0%| F|  |TAMS 0x0000000083100000, 0x0000000083100000| Untracked 
|  50|0x0000000083200000, 0x0000000083200000, 0x0000000083300000|  0%| F|  |TAMS 0x0000000083200000, 0x0000000083200000| Untracked 
|  51|0x0000000083300000, 0x0000000083300000, 0x0000000083400000|  0%| F|  |TAMS 0x0000000083300000, 0x0000000083300000| Untracked 
|  52|0x0000000083400000, 0x0000000083400000, 0x0000000083500000|  0%| F|  |TAMS 0x0000000083400000, 0x0000000083400000| Untracked 
|  53|0x0000000083500000, 0x0000000083500000, 0x0000000083600000|  0%| F|  |TAMS 0x0000000083500000, 0x0000000083500000| Untracked 
|  54|0x0000000083600000, 0x0000000083600000, 0x0000000083700000|  0%| F|  |TAMS 0x0000000083600000, 0x0000000083600000| Untracked 
|  55|0x0000000083700000, 0x0000000083700000, 0x0000000083800000|  0%| F|  |TAMS 0x0000000083700000, 0x0000000083700000| Untracked 
|  56|0x0000000083800000, 0x0000000083800000, 0x0000000083900000|  0%| F|  |TAMS 0x0000000083800000, 0x0000000083800000| Untracked 
|  57|0x0000000083900000, 0x0000000083900000, 0x0000000083a00000|  0%| F|  |TAMS 0x0000000083900000, 0x0000000083900000| Untracked 
|  58|0x0000000083a00000, 0x0000000083a00000, 0x0000000083b00000|  0%| F|  |TAMS 0x0000000083a00000, 0x0000000083a00000| Untracked 
|  59|0x0000000083b00000, 0x0000000083b00000, 0x0000000083c00000|  0%| F|  |TAMS 0x0000000083b00000, 0x0000000083b00000| Untracked 
|  60|0x0000000083c00000, 0x0000000083c00000, 0x0000000083d00000|  0%| F|  |TAMS 0x0000000083c00000, 0x0000000083c00000| Untracked 
|  61|0x0000000083d00000, 0x0000000083d00000, 0x0000000083e00000|  0%| F|  |TAMS 0x0000000083d00000, 0x0000000083d00000| Untracked 
|  62|0x0000000083e00000, 0x0000000083e00000, 0x0000000083f00000|  0%| F|  |TAMS 0x0000000083e00000, 0x0000000083e00000| Untracked 
|  63|0x0000000083f00000, 0x0000000083f00000, 0x0000000084000000|  0%| F|  |TAMS 0x0000000083f00000, 0x0000000083f00000| Untracked 
|  64|0x0000000084000000, 0x0000000084000000, 0x0000000084100000|  0%| F|  |TAMS 0x0000000084000000, 0x0000000084000000| Untracked 
|  65|0x0000000084100000, 0x0000000084100000, 0x0000000084200000|  0%| F|  |TAMS 0x0000000084100000, 0x0000000084100000| Untracked 
|  66|0x0000000084200000, 0x0000000084200000, 0x0000000084300000|  0%| F|  |TAMS 0x0000000084200000, 0x0000000084200000| Untracked 
|  67|0x0000000084300000, 0x0000000084300000, 0x0000000084400000|  0%| F|  |TAMS 0x0000000084300000, 0x0000000084300000| Untracked 
|  68|0x0000000084400000, 0x0000000084400000, 0x0000000084500000|  0%| F|  |TAMS 0x0000000084400000, 0x0000000084400000| Untracked 
|  69|0x0000000084500000, 0x0000000084500000, 0x0000000084600000|  0%| F|  |TAMS 0x0000000084500000, 0x0000000084500000| Untracked 
|  70|0x0000000084600000, 0x0000000084600000, 0x0000000084700000|  0%| F|  |TAMS 0x0000000084600000, 0x0000000084600000| Untracked 
|  71|0x0000000084700000, 0x0000000084700000, 0x0000000084800000|  0%| F|  |TAMS 0x0000000084700000, 0x0000000084700000| Untracked 
|  72|0x0000000084800000, 0x0000000084800000, 0x0000000084900000|  0%| F|  |TAMS 0x0000000084800000, 0x0000000084800000| Untracked 
|  73|0x0000000084900000, 0x0000000084900000, 0x0000000084a00000|  0%| F|  |TAMS 0x0000000084900000, 0x0000000084900000| Untracked 
|  74|0x0000000084a00000, 0x0000000084b00000, 0x0000000084b00000|100%| S|CS|TAMS 0x0000000084a00000, 0x0000000084a00000| Complete 
|  75|0x0000000084b00000, 0x0000000084c00000, 0x0000000084c00000|100%| S|CS|TAMS 0x0000000084b00000, 0x0000000084b00000| Complete 
|  76|0x0000000084c00000, 0x0000000084d00000, 0x0000000084d00000|100%| S|CS|TAMS 0x0000000084c00000, 0x0000000084c00000| Complete 
|  77|0x0000000084d00000, 0x0000000084e00000, 0x0000000084e00000|100%| S|CS|TAMS 0x0000000084d00000, 0x0000000084d00000| Complete 
|  78|0x0000000084e00000, 0x0000000084f00000, 0x0000000084f00000|100%| S|CS|TAMS 0x0000000084e00000, 0x0000000084e00000| Complete 
|  79|0x0000000084f00000, 0x0000000085000000, 0x0000000085000000|100%| S|CS|TAMS 0x0000000084f00000, 0x0000000084f00000| Complete 
|  80|0x0000000085000000, 0x0000000085100000, 0x0000000085100000|100%| S|CS|TAMS 0x0000000085000000, 0x0000000085000000| Complete 
|  81|0x0000000085100000, 0x0000000085200000, 0x0000000085200000|100%| S|CS|TAMS 0x0000000085100000, 0x0000000085100000| Complete 
|  82|0x0000000085200000, 0x0000000085300000, 0x0000000085300000|100%| S|CS|TAMS 0x0000000085200000, 0x0000000085200000| Complete 
|  83|0x0000000085300000, 0x0000000085400000, 0x0000000085400000|100%| S|CS|TAMS 0x0000000085300000, 0x0000000085300000| Complete 
|  84|0x0000000085400000, 0x0000000085400000, 0x0000000085500000|  0%| F|  |TAMS 0x0000000085400000, 0x0000000085400000| Untracked 
|  85|0x0000000085500000, 0x0000000085500000, 0x0000000085600000|  0%| F|  |TAMS 0x0000000085500000, 0x0000000085500000| Untracked 
|  86|0x0000000085600000, 0x0000000085600000, 0x0000000085700000|  0%| F|  |TAMS 0x0000000085600000, 0x0000000085600000| Untracked 
|  87|0x0000000085700000, 0x0000000085700000, 0x0000000085800000|  0%| F|  |TAMS 0x0000000085700000, 0x0000000085700000| Untracked 
|  88|0x0000000085800000, 0x0000000085800000, 0x0000000085900000|  0%| F|  |TAMS 0x0000000085800000, 0x0000000085800000| Untracked 
|  89|0x0000000085900000, 0x0000000085900000, 0x0000000085a00000|  0%| F|  |TAMS 0x0000000085900000, 0x0000000085900000| Untracked 
|  90|0x0000000085a00000, 0x0000000085a00000, 0x0000000085b00000|  0%| F|  |TAMS 0x0000000085a00000, 0x0000000085a00000| Untracked 
|  91|0x0000000085b00000, 0x0000000085b00000, 0x0000000085c00000|  0%| F|  |TAMS 0x0000000085b00000, 0x0000000085b00000| Untracked 
|  92|0x0000000085c00000, 0x0000000085c00000, 0x0000000085d00000|  0%| F|  |TAMS 0x0000000085c00000, 0x0000000085c00000| Untracked 
|  93|0x0000000085d00000, 0x0000000085d00000, 0x0000000085e00000|  0%| F|  |TAMS 0x0000000085d00000, 0x0000000085d00000| Untracked 
|  94|0x0000000085e00000, 0x0000000085e00000, 0x0000000085f00000|  0%| F|  |TAMS 0x0000000085e00000, 0x0000000085e00000| Untracked 
|  95|0x0000000085f00000, 0x0000000085f00000, 0x0000000086000000|  0%| F|  |TAMS 0x0000000085f00000, 0x0000000085f00000| Untracked 
|  96|0x0000000086000000, 0x0000000086000000, 0x0000000086100000|  0%| F|  |TAMS 0x0000000086000000, 0x0000000086000000| Untracked 
|  97|0x0000000086100000, 0x0000000086100000, 0x0000000086200000|  0%| F|  |TAMS 0x0000000086100000, 0x0000000086100000| Untracked 
|  98|0x0000000086200000, 0x0000000086200000, 0x0000000086300000|  0%| F|  |TAMS 0x0000000086200000, 0x0000000086200000| Untracked 
|  99|0x0000000086300000, 0x0000000086300000, 0x0000000086400000|  0%| F|  |TAMS 0x0000000086300000, 0x0000000086300000| Untracked 
| 100|0x0000000086400000, 0x0000000086400000, 0x0000000086500000|  0%| F|  |TAMS 0x0000000086400000, 0x0000000086400000| Untracked 
| 101|0x0000000086500000, 0x0000000086500000, 0x0000000086600000|  0%| F|  |TAMS 0x0000000086500000, 0x0000000086500000| Untracked 
| 102|0x0000000086600000, 0x0000000086600000, 0x0000000086700000|  0%| F|  |TAMS 0x0000000086600000, 0x0000000086600000| Untracked 
| 103|0x0000000086700000, 0x0000000086700000, 0x0000000086800000|  0%| F|  |TAMS 0x0000000086700000, 0x0000000086700000| Untracked 
| 104|0x0000000086800000, 0x0000000086800000, 0x0000000086900000|  0%| F|  |TAMS 0x0000000086800000, 0x0000000086800000| Untracked 
| 105|0x0000000086900000, 0x0000000086900000, 0x0000000086a00000|  0%| F|  |TAMS 0x0000000086900000, 0x0000000086900000| Untracked 
| 106|0x0000000086a00000, 0x0000000086a00000, 0x0000000086b00000|  0%| F|  |TAMS 0x0000000086a00000, 0x0000000086a00000| Untracked 
| 107|0x0000000086b00000, 0x0000000086b00000, 0x0000000086c00000|  0%| F|  |TAMS 0x0000000086b00000, 0x0000000086b00000| Untracked 
| 108|0x0000000086c00000, 0x0000000086c00000, 0x0000000086d00000|  0%| F|  |TAMS 0x0000000086c00000, 0x0000000086c00000| Untracked 
| 109|0x0000000086d00000, 0x0000000086d00000, 0x0000000086e00000|  0%| F|  |TAMS 0x0000000086d00000, 0x0000000086d00000| Untracked 
| 110|0x0000000086e00000, 0x0000000086e00000, 0x0000000086f00000|  0%| F|  |TAMS 0x0000000086e00000, 0x0000000086e00000| Untracked 
| 111|0x0000000086f00000, 0x0000000086f00000, 0x0000000087000000|  0%| F|  |TAMS 0x0000000086f00000, 0x0000000086f00000| Untracked 
| 112|0x0000000087000000, 0x0000000087000000, 0x0000000087100000|  0%| F|  |TAMS 0x0000000087000000, 0x0000000087000000| Untracked 
| 113|0x0000000087100000, 0x0000000087100000, 0x0000000087200000|  0%| F|  |TAMS 0x0000000087100000, 0x0000000087100000| Untracked 
| 114|0x0000000087200000, 0x0000000087200000, 0x0000000087300000|  0%| F|  |TAMS 0x0000000087200000, 0x0000000087200000| Untracked 
| 115|0x0000000087300000, 0x0000000087300000, 0x0000000087400000|  0%| F|  |TAMS 0x0000000087300000, 0x0000000087300000| Untracked 
| 116|0x0000000087400000, 0x0000000087400000, 0x0000000087500000|  0%| F|  |TAMS 0x0000000087400000, 0x0000000087400000| Untracked 
| 117|0x0000000087500000, 0x0000000087500000, 0x0000000087600000|  0%| F|  |TAMS 0x0000000087500000, 0x0000000087500000| Untracked 
| 118|0x0000000087600000, 0x0000000087600000, 0x0000000087700000|  0%| F|  |TAMS 0x0000000087600000, 0x0000000087600000| Untracked 
| 119|0x0000000087700000, 0x0000000087700000, 0x0000000087800000|  0%| F|  |TAMS 0x0000000087700000, 0x0000000087700000| Untracked 
| 120|0x0000000087800000, 0x0000000087800000, 0x0000000087900000|  0%| F|  |TAMS 0x0000000087800000, 0x0000000087800000| Untracked 
| 121|0x0000000087900000, 0x0000000087900000, 0x0000000087a00000|  0%| F|  |TAMS 0x0000000087900000, 0x0000000087900000| Untracked 
| 122|0x0000000087a00000, 0x0000000087a00000, 0x0000000087b00000|  0%| F|  |TAMS 0x0000000087a00000, 0x0000000087a00000| Untracked 
| 123|0x0000000087b00000, 0x0000000087b00000, 0x0000000087c00000|  0%| F|  |TAMS 0x0000000087b00000, 0x0000000087b00000| Untracked 
| 124|0x0000000087c00000, 0x0000000087c00000, 0x0000000087d00000|  0%| F|  |TAMS 0x0000000087c00000, 0x0000000087c00000| Untracked 
| 125|0x0000000087d00000, 0x0000000087d00000, 0x0000000087e00000|  0%| F|  |TAMS 0x0000000087d00000, 0x0000000087d00000| Untracked 
| 126|0x0000000087e00000, 0x0000000087e00000, 0x0000000087f00000|  0%| F|  |TAMS 0x0000000087e00000, 0x0000000087e00000| Untracked 
| 127|0x0000000087f00000, 0x0000000087f00000, 0x0000000088000000|  0%| F|  |TAMS 0x0000000087f00000, 0x0000000087f00000| Untracked 
| 128|0x0000000088000000, 0x0000000088000000, 0x0000000088100000|  0%| F|  |TAMS 0x0000000088000000, 0x0000000088000000| Untracked 
| 129|0x0000000088100000, 0x0000000088100000, 0x0000000088200000|  0%| F|  |TAMS 0x0000000088100000, 0x0000000088100000| Untracked 
| 130|0x0000000088200000, 0x0000000088200000, 0x0000000088300000|  0%| F|  |TAMS 0x0000000088200000, 0x0000000088200000| Untracked 
| 131|0x0000000088300000, 0x0000000088300000, 0x0000000088400000|  0%| F|  |TAMS 0x0000000088300000, 0x0000000088300000| Untracked 
| 132|0x0000000088400000, 0x0000000088400000, 0x0000000088500000|  0%| F|  |TAMS 0x0000000088400000, 0x0000000088400000| Untracked 
| 133|0x0000000088500000, 0x0000000088580800, 0x0000000088600000| 50%| E|  |TAMS 0x0000000088500000, 0x0000000088500000| Complete 
| 134|0x0000000088600000, 0x0000000088700000, 0x0000000088700000|100%| E|CS|TAMS 0x0000000088600000, 0x0000000088600000| Complete 
| 135|0x0000000088700000, 0x0000000088800000, 0x0000000088800000|100%| E|CS|TAMS 0x0000000088700000, 0x0000000088700000| Complete 
| 136|0x0000000088800000, 0x0000000088900000, 0x0000000088900000|100%| E|CS|TAMS 0x0000000088800000, 0x0000000088800000| Complete 
| 137|0x0000000088900000, 0x0000000088a00000, 0x0000000088a00000|100%| E|CS|TAMS 0x0000000088900000, 0x0000000088900000| Complete 
| 138|0x0000000088a00000, 0x0000000088b00000, 0x0000000088b00000|100%| E|CS|TAMS 0x0000000088a00000, 0x0000000088a00000| Complete 
| 139|0x0000000088b00000, 0x0000000088c00000, 0x0000000088c00000|100%| E|CS|TAMS 0x0000000088b00000, 0x0000000088b00000| Complete 
| 140|0x0000000088c00000, 0x0000000088d00000, 0x0000000088d00000|100%| E|CS|TAMS 0x0000000088c00000, 0x0000000088c00000| Complete 
| 141|0x0000000088d00000, 0x0000000088e00000, 0x0000000088e00000|100%| E|CS|TAMS 0x0000000088d00000, 0x0000000088d00000| Complete 
| 142|0x0000000088e00000, 0x0000000088f00000, 0x0000000088f00000|100%| E|CS|TAMS 0x0000000088e00000, 0x0000000088e00000| Complete 
| 143|0x0000000088f00000, 0x0000000089000000, 0x0000000089000000|100%| E|CS|TAMS 0x0000000088f00000, 0x0000000088f00000| Complete 
| 144|0x0000000089000000, 0x0000000089100000, 0x0000000089100000|100%| E|CS|TAMS 0x0000000089000000, 0x0000000089000000| Complete 
| 145|0x0000000089100000, 0x0000000089200000, 0x0000000089200000|100%| E|CS|TAMS 0x0000000089100000, 0x0000000089100000| Complete 
| 146|0x0000000089200000, 0x0000000089300000, 0x0000000089300000|100%| E|CS|TAMS 0x0000000089200000, 0x0000000089200000| Complete 
| 147|0x0000000089300000, 0x0000000089400000, 0x0000000089400000|100%| E|CS|TAMS 0x0000000089300000, 0x0000000089300000| Complete 
| 148|0x0000000089400000, 0x0000000089500000, 0x0000000089500000|100%| E|CS|TAMS 0x0000000089400000, 0x0000000089400000| Complete 
| 149|0x0000000089500000, 0x0000000089600000, 0x0000000089600000|100%| E|CS|TAMS 0x0000000089500000, 0x0000000089500000| Complete 
| 150|0x0000000089600000, 0x0000000089700000, 0x0000000089700000|100%| E|CS|TAMS 0x0000000089600000, 0x0000000089600000| Complete 
| 151|0x0000000089700000, 0x0000000089800000, 0x0000000089800000|100%| E|CS|TAMS 0x0000000089700000, 0x0000000089700000| Complete 
| 152|0x0000000089800000, 0x0000000089900000, 0x0000000089900000|100%| E|CS|TAMS 0x0000000089800000, 0x0000000089800000| Complete 
| 153|0x0000000089900000, 0x0000000089a00000, 0x0000000089a00000|100%| E|CS|TAMS 0x0000000089900000, 0x0000000089900000| Complete 

Card table byte_map: [0x000001dcfed00000,0x000001dcff100000] _byte_map_base: 0x000001dcfe900000

Marking Bits (Prev, Next): (CMBitMap*) 0x000001dcfae4d368, (CMBitMap*) 0x000001dcfae4d3a0
 Prev Bits: [0x000001dc8f000000, 0x000001dc91000000)
 Next Bits: [0x000001dc91000000, 0x000001dc93000000)

Polling page: 0x000001dcf8e20000

Metaspace:

Usage:
  Non-class:     42.98 MB capacity,    42.12 MB ( 98%) used,   752.00 KB (  2%) free+waste,   128.88 KB ( <1%) overhead. 
      Class:      6.60 MB capacity,     6.14 MB ( 93%) used,   418.09 KB (  6%) free+waste,    60.94 KB ( <1%) overhead. 
       Both:     49.58 MB capacity,    48.26 MB ( 97%) used,     1.14 MB (  2%) free+waste,   189.81 KB ( <1%) overhead. 

Virtual space:
  Non-class space:       46.00 MB reserved,      43.20 MB ( 94%) committed 
      Class space:        1.00 GB reserved,       6.63 MB ( <1%) committed 
             Both:        1.04 GB reserved,      49.83 MB (  5%) committed 

Chunk freelists:
   Non-Class:  37.00 KB
       Class:  21.00 KB
        Both:  58.00 KB

MaxMetaspaceSize: 17179869184.00 GB
CompressedClassSpaceSize: 1.00 GB

CodeHeap 'non-profiled nmethods': size=120064Kb used=2859Kb max_used=2859Kb free=117205Kb
 bounds [0x000001dc87ac0000, 0x000001dc87d90000, 0x000001dc8f000000]
CodeHeap 'profiled nmethods': size=120000Kb used=11023Kb max_used=11023Kb free=108976Kb
 bounds [0x000001dc80590000, 0x000001dc81060000, 0x000001dc87ac0000]
CodeHeap 'non-nmethods': size=5696Kb used=2217Kb max_used=2257Kb free=3478Kb
 bounds [0x000001dc80000000, 0x000001dc80270000, 0x000001dc80590000]
 total_blobs=6269 nmethods=5479 adapters=701
 compilation: enabled
              stopped_count=0, restarted_count=0
 full_count=0

Compilation events (20 events):
Event: 19.578 Thread 0x000001dcffa23800 nmethod 5480 0x000001dc81044f90 code [0x000001dc81045140, 0x000001dc81045298]
Event: 19.615 Thread 0x000001dcffa23800 5481       3       com.google.common.collect.MapMakerInternalMap$StrongKeyWeakValueSegment::maybeDrainReferenceQueues (9 bytes)
Event: 19.615 Thread 0x000001dcffa23800 nmethod 5481 0x000001dc81045390 code [0x000001dc81045540, 0x000001dc810456e8]
Event: 19.616 Thread 0x000001dcffa23800 5482       3       com.google.common.collect.MapMakerInternalMap$StrongKeyWeakValueEntry$Helper::newEntry (16 bytes)
Event: 19.617 Thread 0x000001dcffa23800 nmethod 5482 0x000001dc81045790 code [0x000001dc81045980, 0x000001dc81045fb8]
Event: 19.617 Thread 0x000001dcffa23800 5483       3       com.google.common.collect.MapMakerInternalMap$StrongKeyWeakValueEntry$Helper::newEntry (12 bytes)
Event: 19.618 Thread 0x000001dcffa23800 nmethod 5483 0x000001dc81046190 code [0x000001dc81046360, 0x000001dc81046758]
Event: 19.618 Thread 0x000001dcffa23800 5484       3       com.google.common.collect.MapMakerInternalMap$StrongKeyWeakValueEntry$Helper::setValue (14 bytes)
Event: 19.618 Thread 0x000001dcffa23800 nmethod 5484 0x000001dc81046910 code [0x000001dc81046b20, 0x000001dc810471d8]
Event: 19.618 Thread 0x000001dcffa23800 5485       3       com.google.common.collect.MapMakerInternalMap$StrongKeyWeakValueEntry$Helper::setValue (10 bytes)
Event: 19.619 Thread 0x000001dcffa23800 nmethod 5485 0x000001dc81047490 code [0x000001dc81047680, 0x000001dc81047b18]
Event: 19.619 Thread 0x000001dcffa23800 5486       3       com.google.common.collect.MapMakerInternalMap$StrongKeyWeakValueEntry::setValue (26 bytes)
Event: 19.620 Thread 0x000001dcffa23800 nmethod 5486 0x000001dc81047d90 code [0x000001dc81047f80, 0x000001dc810484e8]
Event: 19.630 Thread 0x000001dcffa23800 5487   !   3       org.gradle.internal.classloader.FilteringClassLoader::loadClass (62 bytes)
Event: 19.632 Thread 0x000001dcffa23800 nmethod 5487 0x000001dc81048690 code [0x000001dc81048960, 0x000001dc81049768]
Event: 19.695 Thread 0x000001dcffa23800 5488       3       java.lang.ClassLoader::findClass (9 bytes)
Event: 19.695 Thread 0x000001dcffa23800 nmethod 5488 0x000001dc81049c90 code [0x000001dc81049e40, 0x000001dc81049fc8]
Event: 19.697 Thread 0x000001dcffa19800 5489       4       sun.net.www.ParseUtil::encodePath (41 bytes)
Event: 19.708 Thread 0x000001dcffa19800 nmethod 5489 0x000001dc87d8a490 code [0x000001dc87d8a640, 0x000001dc87d8a948]
Event: 19.708 Thread 0x000001dcffa19800 5490       4       sun.net.www.protocol.jar.Handler::parseURL (212 bytes)

GC Heap History (20 events):
Event: 1.757 GC heap before
{Heap before GC invocations=1 (full 0):
 garbage-first heap   total 131072K, used 20440K [0x0000000080000000, 0x0000000100000000)
  region size 1024K, 14 young (14336K), 2 survivors (2048K)
 Metaspace       used 10221K, capacity 10489K, committed 10624K, reserved 1058816K
  class space    used 1064K, capacity 1139K, committed 1152K, reserved 1048576K
}
Event: 1.763 GC heap after
{Heap after GC invocations=2 (full 0):
 garbage-first heap   total 131072K, used 9534K [0x0000000080000000, 0x0000000100000000)
  region size 1024K, 2 young (2048K), 2 survivors (2048K)
 Metaspace       used 10221K, capacity 10489K, committed 10624K, reserved 1058816K
  class space    used 1064K, capacity 1139K, committed 1152K, reserved 1048576K
}
Event: 2.664 GC heap before
{Heap before GC invocations=2 (full 0):
 garbage-first heap   total 131072K, used 40254K [0x0000000080000000, 0x0000000100000000)
  region size 1024K, 32 young (32768K), 2 survivors (2048K)
 Metaspace       used 11159K, capacity 11442K, committed 11520K, reserved 1058816K
  class space    used 1166K, capacity 1243K, committed 1280K, reserved 1048576K
}
Event: 2.670 GC heap after
{Heap after GC invocations=3 (full 0):
 garbage-first heap   total 131072K, used 11841K [0x0000000080000000, 0x0000000100000000)
  region size 1024K, 4 young (4096K), 4 survivors (4096K)
 Metaspace       used 11159K, capacity 11442K, committed 11520K, reserved 1058816K
  class space    used 1166K, capacity 1243K, committed 1280K, reserved 1048576K
}
Event: 4.780 GC heap before
{Heap before GC invocations=3 (full 0):
 garbage-first heap   total 131072K, used 74305K [0x0000000080000000, 0x0000000100000000)
  region size 1024K, 65 young (66560K), 4 survivors (4096K)
 Metaspace       used 20384K, capacity 20847K, committed 21120K, reserved 1067008K
  class space    used 2482K, capacity 2647K, committed 2688K, reserved 1048576K
}
Event: 4.789 GC heap after
{Heap after GC invocations=4 (full 0):
 garbage-first heap   total 131072K, used 17162K [0x0000000080000000, 0x0000000100000000)
  region size 1024K, 9 young (9216K), 9 survivors (9216K)
 Metaspace       used 20384K, capacity 20847K, committed 21120K, reserved 1067008K
  class space    used 2482K, capacity 2647K, committed 2688K, reserved 1048576K
}
Event: 4.816 GC heap before
{Heap before GC invocations=4 (full 0):
 garbage-first heap   total 131072K, used 18186K [0x0000000080000000, 0x0000000100000000)
  region size 1024K, 11 young (11264K), 9 survivors (9216K)
 Metaspace       used 20526K, capacity 21124K, committed 21296K, reserved 1069056K
  class space    used 2499K, capacity 2658K, committed 2688K, reserved 1048576K
}
Event: 4.826 GC heap after
{Heap after GC invocations=5 (full 0):
 garbage-first heap   total 131072K, used 17700K [0x0000000080000000, 0x0000000100000000)
  region size 1024K, 1 young (1024K), 1 survivors (1024K)
 Metaspace       used 20526K, capacity 21124K, committed 21296K, reserved 1069056K
  class space    used 2499K, capacity 2658K, committed 2688K, reserved 1048576K
}
Event: 5.854 GC heap before
{Heap before GC invocations=6 (full 0):
 garbage-first heap   total 131072K, used 69924K [0x0000000080000000, 0x0000000100000000)
  region size 1024K, 53 young (54272K), 1 survivors (1024K)
 Metaspace       used 25902K, capacity 26555K, committed 26752K, reserved 1073152K
  class space    used 3382K, capacity 3601K, committed 3712K, reserved 1048576K
}
Event: 5.859 GC heap after
{Heap after GC invocations=7 (full 0):
 garbage-first heap   total 131072K, used 18877K [0x0000000080000000, 0x0000000100000000)
  region size 1024K, 2 young (2048K), 2 survivors (2048K)
 Metaspace       used 25902K, capacity 26555K, committed 26752K, reserved 1073152K
  class space    used 3382K, capacity 3601K, committed 3712K, reserved 1048576K
}
Event: 7.386 GC heap before
{Heap before GC invocations=7 (full 0):
 garbage-first heap   total 131072K, used 77245K [0x0000000080000000, 0x0000000100000000)
  region size 1024K, 60 young (61440K), 2 survivors (2048K)
 Metaspace       used 34804K, capacity 35602K, committed 35840K, reserved 1081344K
  class space    used 4538K, capacity 4832K, committed 4864K, reserved 1048576K
}
Event: 7.395 GC heap after
{Heap after GC invocations=8 (full 0):
 garbage-first heap   total 131072K, used 22650K [0x0000000080000000, 0x0000000100000000)
  region size 1024K, 6 young (6144K), 6 survivors (6144K)
 Metaspace       used 34804K, capacity 35602K, committed 35840K, reserved 1081344K
  class space    used 4538K, capacity 4832K, committed 4864K, reserved 1048576K
}
Event: 7.448 GC heap before
{Heap before GC invocations=8 (full 0):
 garbage-first heap   total 131072K, used 22650K [0x0000000080000000, 0x0000000100000000)
  region size 1024K, 7 young (7168K), 6 survivors (6144K)
 Metaspace       used 35157K, capacity 35955K, committed 36048K, reserved 1081344K
  class space    used 4552K, capacity 4864K, committed 4864K, reserved 1048576K
}
Event: 7.460 GC heap after
{Heap after GC invocations=9 (full 0):
 garbage-first heap   total 131072K, used 22741K [0x0000000080000000, 0x0000000100000000)
  region size 1024K, 4 young (4096K), 4 survivors (4096K)
 Metaspace       used 35157K, capacity 35955K, committed 36048K, reserved 1081344K
  class space    used 4552K, capacity 4864K, committed 4864K, reserved 1048576K
}
Event: 8.695 GC heap before
{Heap before GC invocations=10 (full 0):
 garbage-first heap   total 131072K, used 79061K [0x0000000080000000, 0x0000000100000000)
  region size 1024K, 57 young (58368K), 4 survivors (4096K)
 Metaspace       used 39608K, capacity 40596K, committed 40784K, reserved 1085440K
  class space    used 5093K, capacity 5441K, committed 5504K, reserved 1048576K
}
Event: 8.706 GC heap after
{Heap after GC invocations=11 (full 0):
 garbage-first heap   total 131072K, used 26435K [0x0000000080000000, 0x0000000100000000)
  region size 1024K, 8 young (8192K), 8 survivors (8192K)
 Metaspace       used 39608K, capacity 40596K, committed 40784K, reserved 1085440K
  class space    used 5093K, capacity 5441K, committed 5504K, reserved 1048576K
}
Event: 9.966 GC heap before
{Heap before GC invocations=11 (full 0):
 garbage-first heap   total 131072K, used 83779K [0x0000000080000000, 0x0000000100000000)
  region size 1024K, 63 young (64512K), 8 survivors (8192K)
 Metaspace       used 43546K, capacity 44597K, committed 44880K, reserved 1087488K
  class space    used 5556K, capacity 5922K, committed 6016K, reserved 1048576K
}
Event: 9.982 GC heap after
{Heap after GC invocations=12 (full 0):
 garbage-first heap   total 157696K, used 28950K [0x0000000080000000, 0x0000000100000000)
  region size 1024K, 7 young (7168K), 7 survivors (7168K)
 Metaspace       used 43546K, capacity 44597K, committed 44880K, reserved 1087488K
  class space    used 5556K, capacity 5922K, committed 6016K, reserved 1048576K
}
Event: 17.389 GC heap before
{Heap before GC invocations=12 (full 0):
 garbage-first heap   total 157696K, used 105750K [0x0000000080000000, 0x0000000100000000)
  region size 1024K, 77 young (78848K), 7 survivors (7168K)
 Metaspace       used 47559K, capacity 48777K, committed 48976K, reserved 1091584K
  class space    used 6056K, capacity 6496K, committed 6528K, reserved 1048576K
}
Event: 17.407 GC heap after
{Heap after GC invocations=13 (full 0):
 garbage-first heap   total 157696K, used 43135K [0x0000000080000000, 0x0000000100000000)
  region size 1024K, 10 young (10240K), 10 survivors (10240K)
 Metaspace       used 47559K, capacity 48777K, committed 48976K, reserved 1091584K
  class space    used 6056K, capacity 6496K, committed 6528K, reserved 1048576K
}

Deoptimization events (20 events):
Event: 15.345 Thread 0x000001dc96e54800 DEOPT PACKING pc=0x000001dc87b1ffd0 sp=0x000000d6c4bf0740
Event: 15.345 Thread 0x000001dc96e54800 DEOPT UNPACKING pc=0x000001dc800278af sp=0x000000d6c4bf0700 mode 2
Event: 15.989 Thread 0x000001dc96e54800 DEOPT PACKING pc=0x000001dc80fd7eaa sp=0x000000d6c4bf0100
Event: 15.989 Thread 0x000001dc96e54800 DEOPT UNPACKING pc=0x000001dc800276ce sp=0x000000d6c4bef6d8 mode 0
Event: 16.637 Thread 0x000001dc96e54800 DEOPT PACKING pc=0x000001dc80fd7eaa sp=0x000000d6c4bf0100
Event: 16.637 Thread 0x000001dc96e54800 DEOPT UNPACKING pc=0x000001dc800276ce sp=0x000000d6c4bef6d8 mode 0
Event: 16.930 Thread 0x000001dc96e54800 DEOPT PACKING pc=0x000001dc80fd7eaa sp=0x000000d6c4beffd0
Event: 16.930 Thread 0x000001dc96e54800 DEOPT UNPACKING pc=0x000001dc800276ce sp=0x000000d6c4bef5a8 mode 0
Event: 17.938 Thread 0x000001dc96e54800 DEOPT PACKING pc=0x000001dc80658a4f sp=0x000000d6c4bf0640
Event: 17.938 Thread 0x000001dc96e54800 DEOPT UNPACKING pc=0x000001dc800276ce sp=0x000000d6c4befab0 mode 0
Event: 18.040 Thread 0x000001dc96e54800 DEOPT PACKING pc=0x000001dc807f8697 sp=0x000000d6c4bf0120
Event: 18.040 Thread 0x000001dc96e54800 DEOPT UNPACKING pc=0x000001dc800276ce sp=0x000000d6c4bef6a8 mode 0
Event: 18.738 Thread 0x000001dc96e54800 Uncommon trap: trap_request=0xffffff4d fr.pc=0x000001dc87ceba1c relative=0x000000000000007c
Event: 18.738 Thread 0x000001dc96e54800 Uncommon trap: reason=unstable_if action=reinterpret pc=0x000001dc87ceba1c method=java.util.Spliterator.getExactSizeIfKnown()J @ 9 c2
Event: 18.738 Thread 0x000001dc96e54800 DEOPT PACKING pc=0x000001dc87ceba1c sp=0x000000d6c4bfb3c0
Event: 18.738 Thread 0x000001dc96e54800 DEOPT UNPACKING pc=0x000001dc800278af sp=0x000000d6c4bfb358 mode 2
Event: 18.878 Thread 0x000001dc96e54800 Uncommon trap: trap_request=0xffffff4d fr.pc=0x000001dc87b13d7c relative=0x000000000000059c
Event: 18.878 Thread 0x000001dc96e54800 Uncommon trap: reason=unstable_if action=reinterpret pc=0x000001dc87b13d7c method=java.util.jar.Manifest$FastInputStream.readLine([BII)I @ 130 c2
Event: 18.878 Thread 0x000001dc96e54800 DEOPT PACKING pc=0x000001dc87b13d7c sp=0x000000d6c4bf7d40
Event: 18.878 Thread 0x000001dc96e54800 DEOPT UNPACKING pc=0x000001dc800278af sp=0x000000d6c4bf7cd0 mode 2

Classes redefined (0 events):
No events

Internal exceptions (20 events):
Event: 18.425 Thread 0x000001dc96e54800 Exception <a 'java/lang/ClassNotFoundException'{0x0000000089763190}: org/gradle/api/internal/AbstractTaskCustomizer> (0x0000000089763190) thrown at [./src/hotspot/share/classfile/systemDictionary.cpp, line 231]
Event: 18.432 Thread 0x000001dc96e54800 Exception <a 'java/lang/ClassNotFoundException'{0x00000000897d4490}: org/gradle/api/DefaultTaskCustomizer> (0x00000000897d4490) thrown at [./src/hotspot/share/classfile/systemDictionary.cpp, line 231]
Event: 18.577 Thread 0x000001dc96e54800 Exception <a 'java/lang/ClassNotFoundException'{0x0000000089655a80}: org/gradle/api/internal/ConventionTaskCustomizer> (0x0000000089655a80) thrown at [./src/hotspot/share/classfile/systemDictionary.cpp, line 231]
Event: 18.581 Thread 0x000001dc96e54800 Exception <a 'java/lang/ClassNotFoundException'{0x0000000089695cf0}: org/gradle/api/tasks/DeleteCustomizer> (0x0000000089695cf0) thrown at [./src/hotspot/share/classfile/systemDictionary.cpp, line 231]
Event: 18.590 Thread 0x000001dc96e54800 Exception <a 'java/lang/ClassNotFoundException'{0x00000000896d4f30}: org/gradle/api/tasks/Delete_DecoratedCustomizer> (0x00000000896d4f30) thrown at [./src/hotspot/share/classfile/systemDictionary.cpp, line 231]
Event: 18.734 Thread 0x000001dc96e54800 Exception <a 'java/lang/NoSuchMethodError'{0x00000000895ee0f8}: 'long java.lang.invoke.DirectMethodHandle$Holder.invokeVirtual(java.lang.Object, java.lang.Object)'> (0x00000000895ee0f8) thrown at [./src/hotspot/share/interpreter/linkResolver.cpp, line 773]
Event: 18.745 Thread 0x000001dc98c5c000 Exception <a 'java/lang/NoSuchMethodError'{0x0000000089480e80}: <clinit>> (0x0000000089480e80) thrown at [./src/hotspot/share/prims/jni.cpp, line 1362]
Event: 18.752 Thread 0x000001dc98c5c000 Exception <a 'java/lang/NoSuchMethodError'{0x00000000894a0c10}: <clinit>> (0x00000000894a0c10) thrown at [./src/hotspot/share/prims/jni.cpp, line 1362]
Event: 18.752 Thread 0x000001dc98c5c000 Exception <a 'java/lang/NoSuchMethodError'{0x00000000894b4b90}: <clinit>> (0x00000000894b4b90) thrown at [./src/hotspot/share/prims/jni.cpp, line 1362]
Event: 18.752 Thread 0x000001dc98c5c000 Exception <a 'java/lang/NoSuchMethodError'{0x00000000894b5e98}: <clinit>> (0x00000000894b5e98) thrown at [./src/hotspot/share/prims/jni.cpp, line 1362]
Event: 18.753 Thread 0x000001dc98c5c000 Exception <a 'java/lang/NoSuchMethodError'{0x00000000894b6eb8}: <clinit>> (0x00000000894b6eb8) thrown at [./src/hotspot/share/prims/jni.cpp, line 1362]
Event: 18.754 Thread 0x000001dc98c5c000 Exception <a 'java/lang/NoSuchMethodError'{0x00000000894c0cb0}: <clinit>> (0x00000000894c0cb0) thrown at [./src/hotspot/share/prims/jni.cpp, line 1362]
Event: 18.754 Thread 0x000001dc98c5c000 Exception <a 'java/lang/NoSuchMethodError'{0x00000000894cb140}: <clinit>> (0x00000000894cb140) thrown at [./src/hotspot/share/prims/jni.cpp, line 1362]
Event: 18.758 Thread 0x000001dc98c5c000 Exception <a 'java/lang/NoSuchMethodError'{0x00000000894df148}: <clinit>> (0x00000000894df148) thrown at [./src/hotspot/share/prims/jni.cpp, line 1362]
Event: 18.819 Thread 0x000001dc96e54800 Exception <a 'java/lang/ClassNotFoundException'{0x000000008934c5c0}: build_1me2gi4ocham5wszgycmw4wl4BeanInfo> (0x000000008934c5c0) thrown at [./src/hotspot/share/classfile/systemDictionary.cpp, line 231]
Event: 18.820 Thread 0x000001dc96e54800 Exception <a 'java/lang/ClassNotFoundException'{0x00000000893574e8}: build_1me2gi4ocham5wszgycmw4wl4Customizer> (0x00000000893574e8) thrown at [./src/hotspot/share/classfile/systemDictionary.cpp, line 231]
Event: 18.840 Thread 0x000001dc96e54800 Exception <a 'java/lang/ClassNotFoundException'{0x00000000893d87e0}: org/gradle/plugin/use/internal/PluginRequestCollector$PluginDependenciesSpecImplBeanInfo> (0x00000000893d87e0) thrown at [./src/hotspot/share/classfile/systemDictionary.cpp, line 231]
Event: 18.841 Thread 0x000001dc96e54800 Exception <a 'java/lang/ClassNotFoundException'{0x0000000089206b80}: org/gradle/plugin/use/internal/PluginRequestCollector$PluginDependenciesSpecImplCustomizer> (0x0000000089206b80) thrown at [./src/hotspot/share/classfile/systemDictionary.cpp, line 231]
Event: 18.983 Thread 0x000001dc96e54800 Exception <a 'java/lang/ClassNotFoundException'{0x0000000088f7ddf8}: org/gradle/api/internal/plugins/DefaultObjectConfigurationActionBeanInfo> (0x0000000088f7ddf8) thrown at [./src/hotspot/share/classfile/systemDictionary.cpp, line 231]
Event: 18.984 Thread 0x000001dc96e54800 Exception <a 'java/lang/ClassNotFoundException'{0x0000000088fb2a50}: org/gradle/api/internal/plugins/DefaultObjectConfigurationActionCustomizer> (0x0000000088fb2a50) thrown at [./src/hotspot/share/classfile/systemDictionary.cpp, line 231]

Events (20 events):
Event: 19.741 loading class com/android/build/gradle/internal/dsl/BaseFlavor
Event: 19.741 loading class com/android/build/gradle/internal/dsl/BaseFlavor done
Event: 19.751 loading class com/android/build/gradle/internal/dsl/CoreProductFlavor
Event: 19.751 loading class com/android/build/gradle/internal/dsl/CoreProductFlavor done
Event: 19.758 loading class com/android/builder/model/ProductFlavor
Event: 19.758 loading class com/android/builder/model/ProductFlavor done
Event: 19.766 loading class com/android/builder/model/BaseConfig
Event: 19.766 loading class com/android/builder/model/BaseConfig done
Event: 19.772 loading class com/android/builder/model/Named
Event: 19.772 loading class com/android/builder/model/Named done
Event: 19.775 loading class com/android/builder/model/DimensionAware
Event: 19.775 loading class com/android/builder/model/DimensionAware done
Event: 19.780 loading class org/gradle/api/Named
Event: 19.780 loading class org/gradle/api/Named done
Event: 19.794 loading class com/android/builder/core/AbstractProductFlavor
Event: 19.794 loading class com/android/builder/core/AbstractProductFlavor done
Event: 19.803 loading class com/android/builder/internal/BaseConfigImpl
Event: 19.803 loading class com/android/builder/internal/BaseConfigImpl done
Event: 19.882 loading class com/android/build/gradle/internal/dsl/BuildType
Event: 19.882 loading class com/android/build/gradle/internal/dsl/BuildType done


Dynamic libraries:
0x00007ff689310000 - 0x00007ff68931a000 	C:\Program Files\Android\Android Studio\jre\bin\java.exe
0x00007ff8293b0000 - 0x00007ff8295a5000 	C:\Windows\SYSTEM32\ntdll.dll
0x00007ff828b80000 - 0x00007ff828c3e000 	C:\Windows\System32\KERNEL32.DLL
0x00007ff826ad0000 - 0x00007ff826d98000 	C:\Windows\System32\KERNELBASE.dll
0x00007ff826f50000 - 0x00007ff827050000 	C:\Windows\System32\ucrtbase.dll
0x00007ff81eb70000 - 0x00007ff81eb89000 	C:\Program Files\Android\Android Studio\jre\bin\jli.dll
0x00007ff822200000 - 0x00007ff822217000 	C:\Program Files\Android\Android Studio\jre\bin\VCRUNTIME140.dll
0x00007ff8291c0000 - 0x00007ff829361000 	C:\Windows\System32\USER32.dll
0x00007ff80e330000 - 0x00007ff80e5ca000 	C:\Windows\WinSxS\amd64_microsoft.windows.common-controls_6595b64144ccf1df_6.0.19041.1110_none_60b5254171f9507e\COMCTL32.dll
0x00007ff826e70000 - 0x00007ff826e92000 	C:\Windows\System32\win32u.dll
0x00007ff828ae0000 - 0x00007ff828b7e000 	C:\Windows\System32\msvcrt.dll
0x00007ff8288c0000 - 0x00007ff8288eb000 	C:\Windows\System32\GDI32.dll
0x00007ff8272f0000 - 0x00007ff8273fb000 	C:\Windows\System32\gdi32full.dll
0x00007ff826dd0000 - 0x00007ff826e6d000 	C:\Windows\System32\msvcp_win.dll
0x00007ff828c40000 - 0x00007ff828c70000 	C:\Windows\System32\IMM32.DLL
0x00007ff8045e0000 - 0x00007ff80467d000 	C:\Program Files\Android\Android Studio\jre\bin\msvcp140.dll
0x00007fffd8600000 - 0x00007fffd90cf000 	C:\Program Files\Android\Android Studio\jre\bin\server\jvm.dll
0x00007ff8275e0000 - 0x00007ff82768c000 	C:\Windows\System32\ADVAPI32.dll
0x00007ff8287c0000 - 0x00007ff82885b000 	C:\Windows\System32\sechost.dll
0x00007ff827400000 - 0x00007ff82752a000 	C:\Windows\System32\RPCRT4.dll
0x00007ff827770000 - 0x00007ff827778000 	C:\Windows\System32\PSAPI.DLL
0x00007ff810700000 - 0x00007ff810727000 	C:\Windows\SYSTEM32\WINMM.dll
0x00007ff812b30000 - 0x00007ff812b39000 	C:\Windows\SYSTEM32\WSOCK32.dll
0x00007ff820270000 - 0x00007ff82027a000 	C:\Windows\SYSTEM32\VERSION.dll
0x00007ff828010000 - 0x00007ff82807b000 	C:\Windows\System32\WS2_32.dll
0x00007ff825350000 - 0x00007ff825362000 	C:\Windows\SYSTEM32\kernel.appcore.dll
0x00007ff821270000 - 0x00007ff821281000 	C:\Program Files\Android\Android Studio\jre\bin\verify.dll
0x00007ff8248c0000 - 0x00007ff824aa4000 	C:\Windows\SYSTEM32\DBGHELP.DLL
0x00007ff8106c0000 - 0x00007ff8106ec000 	C:\Windows\SYSTEM32\dbgcore.DLL
0x00007ff827050000 - 0x00007ff8270d3000 	C:\Windows\System32\bcryptPrimitives.dll
0x00007ff820420000 - 0x00007ff820449000 	C:\Program Files\Android\Android Studio\jre\bin\java.dll
0x00007ff820ba0000 - 0x00007ff820bab000 	C:\Program Files\Android\Android Studio\jre\bin\jimage.dll
0x00007ff81ea00000 - 0x00007ff81ea18000 	C:\Program Files\Android\Android Studio\jre\bin\zip.dll
0x00007ff828080000 - 0x00007ff8287bf000 	C:\Windows\System32\SHELL32.dll
0x00007ff824ab0000 - 0x00007ff825240000 	C:\Windows\SYSTEM32\windows.storage.dll
0x00007ff827940000 - 0x00007ff827c95000 	C:\Windows\System32\combase.dll
0x00007ff826450000 - 0x00007ff82647e000 	C:\Windows\SYSTEM32\Wldp.dll
0x00007ff827530000 - 0x00007ff8275dd000 	C:\Windows\System32\SHCORE.dll
0x00007ff828960000 - 0x00007ff8289b5000 	C:\Windows\System32\shlwapi.dll
0x00007ff826a10000 - 0x00007ff826a2f000 	C:\Windows\SYSTEM32\profapi.dll
0x00007ff8120e0000 - 0x00007ff8120fa000 	C:\Program Files\Android\Android Studio\jre\bin\net.dll
0x00007ff81cd90000 - 0x00007ff81ce9c000 	C:\Windows\SYSTEM32\WINHTTP.dll
0x00007ff8261b0000 - 0x00007ff82621a000 	C:\Windows\system32\mswsock.dll
0x00007ff80bf80000 - 0x00007ff80bf94000 	C:\Program Files\Android\Android Studio\jre\bin\nio.dll
0x00007ff804bd0000 - 0x00007ff804bf7000 	C:\Users\usuario\.gradle\native\8bec1ad78214c89d9ad589b4d07fe93259594b29d510b10fafb7a158f7737e5d\windows-amd64\native-platform.dll
0x00007fffdf980000 - 0x00007fffdfabd000 	C:\Users\usuario\.gradle\native\53dbd7edfb1c66fb8903c78663c9afc45aea4f116125fa6feffd364cf09443e8\windows-amd64\native-platform-file-events.dll
0x00007ff81c260000 - 0x00007ff81c26a000 	C:\Program Files\Android\Android Studio\jre\bin\management.dll
0x00007ff813410000 - 0x00007ff81341c000 	C:\Program Files\Android\Android Studio\jre\bin\management_ext.dll
0x00007ff8263a0000 - 0x00007ff8263b8000 	C:\Windows\SYSTEM32\CRYPTSP.dll
0x00007ff825b30000 - 0x00007ff825b64000 	C:\Windows\system32\rsaenh.dll
0x00007ff826da0000 - 0x00007ff826dc7000 	C:\Windows\System32\bcrypt.dll
0x00007ff826940000 - 0x00007ff82696e000 	C:\Windows\SYSTEM32\USERENV.dll
0x00007ff8263c0000 - 0x00007ff8263cc000 	C:\Windows\SYSTEM32\CRYPTBASE.dll
0x00007ff825ea0000 - 0x00007ff825edb000 	C:\Windows\SYSTEM32\IPHLPAPI.DLL
0x00007ff828950000 - 0x00007ff828958000 	C:\Windows\System32\NSI.dll
0x00007ff81e0a0000 - 0x00007ff81e0b7000 	C:\Windows\SYSTEM32\dhcpcsvc6.DLL
0x00007ff81f5c0000 - 0x00007ff81f5dd000 	C:\Windows\SYSTEM32\dhcpcsvc.DLL
0x00007ff825ee0000 - 0x00007ff825fab000 	C:\Windows\SYSTEM32\DNSAPI.dll

dbghelp: loaded successfully - version: 4.0.5 - missing functions: none
symbol engine: initialized successfully - sym options: 0x614 - pdb path: .;C:\Program Files\Android\Android Studio\jre\bin;C:\Windows\SYSTEM32;C:\Windows\WinSxS\amd64_microsoft.windows.common-controls_6595b64144ccf1df_6.0.19041.1110_none_60b5254171f9507e;C:\Program Files\Android\Android Studio\jre\bin\server;C:\Users\usuario\.gradle\native\8bec1ad78214c89d9ad589b4d07fe93259594b29d510b10fafb7a158f7737e5d\windows-amd64;C:\Users\usuario\.gradle\native\53dbd7edfb1c66fb8903c78663c9afc45aea4f116125fa6feffd364cf09443e8\windows-amd64

VM Arguments:
jvm_args: --add-opens=java.base/java.util=ALL-UNNAMED --add-opens=java.base/java.lang=ALL-UNNAMED --add-opens=java.base/java.lang.invoke=ALL-UNNAMED --add-opens=java.base/java.util=ALL-UNNAMED --add-opens=java.prefs/java.util.prefs=ALL-UNNAMED --add-opens=java.prefs/java.util.prefs=ALL-UNNAMED --add-opens=java.base/java.nio.charset=ALL-UNNAMED --add-opens=java.base/java.net=ALL-UNNAMED --add-opens=java.base/java.util.concurrent.atomic=ALL-UNNAMED -Xmx2048m -Dfile.encoding=UTF-8 -Duser.country=BR -Duser.language=pt -Duser.variant 
java_command: org.gradle.launcher.daemon.bootstrap.GradleDaemon 7.0.2
java_class_path (initial): C:\Users\usuario\.gradle\wrapper\dists\gradle-7.0.2-all\7era6s5ay7zsbhuvl0oc9g94s\gradle-7.0.2\lib\gradle-launcher-7.0.2.jar
Launcher Type: SUN_STANDARD

[Global flags]
     intx CICompilerCount                          = 3                                         {product} {ergonomic}
     uint ConcGCThreads                            = 1                                         {product} {ergonomic}
     uint G1ConcRefinementThreads                  = 4                                         {product} {ergonomic}
   size_t G1HeapRegionSize                         = 1048576                                   {product} {ergonomic}
    uintx GCDrainStackTargetSize                   = 64                                        {product} {ergonomic}
   size_t InitialHeapSize                          = 134217728                                 {product} {ergonomic}
   size_t MarkStackSize                            = 4194304                                   {product} {ergonomic}
   size_t MaxHeapSize                              = 2147483648                                {product} {command line}
   size_t MaxNewSize                               = 1287651328                                {product} {ergonomic}
   size_t MinHeapDeltaBytes                        = 1048576                                   {product} {ergonomic}
    uintx NonNMethodCodeHeapSize                   = 5830732                                {pd product} {ergonomic}
    uintx NonProfiledCodeHeapSize                  = 122913754                              {pd product} {ergonomic}
    uintx ProfiledCodeHeapSize                     = 122913754                              {pd product} {ergonomic}
    uintx ReservedCodeCacheSize                    = 251658240                              {pd product} {ergonomic}
     bool SegmentedCodeCache                       = true                                      {product} {ergonomic}
     bool UseCompressedClassPointers               = true                                 {lp64_product} {ergonomic}
     bool UseCompressedOops                        = true                                 {lp64_product} {ergonomic}
     bool UseG1GC                                  = true                                      {product} {ergonomic}
     bool UseLargePagesIndividualAllocation        = false                                  {pd product} {ergonomic}

Logging:
Log output configuration:
 #0: stdout all=warning uptime,level,tags
 #1: stderr all=off uptime,level,tags

Environment Variables:
JAVA_HOME=C:\Program Files\Java\jdk1.7.0_45
PATH=C:\Windows\system32;C:\Windows;C:\Windows\System32\Wbem;C:\Windows\System32\WindowsPowerShell\v1.0\;C:\Windows\System32\OpenSSH\;C:\Program Files\Java\jdk1.7.0_45\bin;C:\Program Files\Intel\Intel(R) Management Engine Components\DAL;C:\ProgramData\UNIVALI\Portugol Studio;C:\Program Files\Git\cmd;C:\Users\usuario\AppData\Local\Microsoft\WindowsApps;
USERNAME=usuario
OS=Windows_NT
PROCESSOR_IDENTIFIER=Intel64 Family 6 Model 78 Stepping 3, GenuineIntel



---------------  S Y S T E M  ---------------

OS: Windows 10 , 64 bit Build 19041 (10.0.19041.1348)
OS uptime: 0 days 4:57 hours

CPU:total 4 (initial active 4) (2 cores per cpu, 2 threads per core) family 6 model 78 stepping 3 microcode 0xea, cmov, cx8, fxsr, mmx, sse, sse2, sse3, ssse3, sse4.1, sse4.2, popcnt, avx, avx2, aes, clmul, erms, 3dnowpref, lzcnt, ht, tsc, tscinvbit, bmi1, bmi2, adx, fma

Memory: 4k page, system-wide physical 8083M (215M free)
TotalPageFile size 12179M (AvailPageFile size 0M)
current process WorkingSet (physical memory assigned to process): 287M, peak: 292M
current process commit charge ("private bytes"): 341M, peak: 350M

vm_info: OpenJDK 64-Bit Server VM (11.0.10+0-b96-7249189) for windows-amd64 JRE (11.0.10+0-b96-7249189), built on Mar 31 2021 21:44:00 by "builder" with MS VC++ 14.0 (VS2015)

END.
